20:31:54 **** Build of configuration Debug for project manager ****
make all 
Building file: ../main.cpp
Invoking: Cross G++ Compiler
g++ -O0 -g3 -Wall -c -fmessage-length=0 -MMD -MP -MF"main.d" -MT"main.o" -o "main.o" "../main.cpp"
Finished building: ../main.cpp
 
Building target: manager
Invoking: Cross G++ Linker
g++  -o "manager"  ./main.o   
/usr/lib/gcc/x86_64-linux-gnu/7/../../../x86_64-linux-gnu/Scrt1.o: In function `_start':
(.text+0x20): undefined reference to `main'
makefile:44: recipe for target 'manager' failed
collect2: error: ld returned 1 exit status
make: *** [manager] Error 1
"make all" terminated with exit code 2. Build might be incomplete.
20:32:32 **** Incremental Build of configuration Debug for project manager ****
make all 
Building file: ../main.cpp
Invoking: Cross G++ Compiler
g++ -O0 -g3 -Wall -c -fmessage-length=0 -MMD -MP -MF"main.d" -MT"main.o" -o "main.o" "../main.cpp"
Finished building: ../main.cpp
 
Building target: manager
Invoking: Cross G++ Linker
g++  -o "manager"  ./main.o   
Finished building target: manager
 
20:33:05 **** Incremental Build of configuration Debug for project manager ****
make all 
Building file: ../main.cpp
Invoking: Cross G++ Compiler
g++ -O0 -g3 -Wall -c -fmessage-length=0 -MMD -MP -MF"main.d" -MT"main.o" -o "main.o" "../main.cpp"
Finished building: ../main.cpp
 
Building target: manager
Invoking: Cross G++ Linker
g++  -o "manager"  ./main.o   
Finished building target: manager
 
20:48:13 **** Incremental Build of configuration Debug for project manager ****
make all 
Building file: ../main.cpp
Invoking: Cross G++ Compiler
g++ -O0 -g3 -Wall -c -fmessage-length=0 -MMD -MP -MF"main.d" -MT"main.o" -o "main.o" "../main.cpp"
../function_linux.h:10:7: error: expected identifier before numeric constant
 class linux{
       ^
../function_linux.h:10:7: error: expected unqualified-id before numeric constant
make: *** [main.o] Error 1
subdir.mk:18: recipe for target 'main.o' failed
"make all" terminated with exit code 2. Build might be incomplete.
20:50:58 **** Incremental Build of configuration Debug for project manager ****
make all 
Building file: ../main.cpp
Invoking: Cross G++ Compiler
g++ -O0 -g3 -Wall -c -fmessage-length=0 -MMD -MP -MF"main.d" -MT"main.o" -o "main.o" "../main.cpp"
Finished building: ../main.cpp
 
Building target: manager
Invoking: Cross G++ Linker
g++  -o "manager"  ./main.o   
Finished building target: manager
 
20:51:08 **** Incremental Build of configuration Debug for project manager ****
make all 
Building file: ../main.cpp
Invoking: Cross G++ Compiler
g++ -O0 -g3 -Wall -c -fmessage-length=0 -MMD -MP -MF"main.d" -MT"main.o" -o "main.o" "../main.cpp"
Finished building: ../main.cpp
 
Building target: manager
Invoking: Cross G++ Linker
g++  -o "manager"  ./main.o   
Finished building target: manager
 
20:54:46 **** Incremental Build of configuration Debug for project manager ****
make all 
Building file: ../function_linux.cpp
Invoking: Cross G++ Compiler
g++ -O0 -g3 -Wall -c -fmessage-length=0 -MMD -MP -MF"function_linux.d" -MT"function_linux.o" -o "function_linux.o" "../function_linux.cpp"
../function_linux.cpp: In member function ‘int function_linux::getch()’:
../function_linux.cpp:12:20: error: aggregate ‘function_linux::getch()::termios oldattr’ has incomplete type and cannot be defined
     struct termios oldattr, newattr;
                    ^~~~~~~
../function_linux.cpp:12:29: error: aggregate ‘function_linux::getch()::termios newattr’ has incomplete type and cannot be defined
     struct termios oldattr, newattr;
                             ^~~~~~~
../function_linux.cpp:14:16: error: ‘STDIN_FILENO’ was not declared in this scope
     tcgetattr( STDIN_FILENO, &oldattr );
                ^~~~~~~~~~~~
../function_linux.cpp:14:5: error: ‘tcgetattr’ was not declared in this scope
     tcgetattr( STDIN_FILENO, &oldattr );
     ^~~~~~~~~
../function_linux.cpp:16:27: error: ‘ICANON’ was not declared in this scope
     newattr.c_lflag &= ~( ICANON | ECHO );
                           ^~~~~~
../function_linux.cpp:16:36: error: ‘ECHO’ was not declared in this scope
     newattr.c_lflag &= ~( ICANON | ECHO );
                                    ^~~~
../function_linux.cpp:17:30: error: ‘TCSANOW’ was not declared in this scope
     tcsetattr( STDIN_FILENO, TCSANOW, &newattr );
                              ^~~~~~~
../function_linux.cpp:17:5: error: ‘tcsetattr’ was not declared in this scope
     tcsetattr( STDIN_FILENO, TCSANOW, &newattr );
     ^~~~~~~~~
../function_linux.cpp:18:10: error: ‘getchar’ was not declared in this scope
     ch = getchar();
          ^~~~~~~
../function_linux.cpp:18:10: note: suggested alternative: ‘getch’
     ch = getchar();
          ^~~~~~~
          getch
../function_linux.cpp: In member function ‘int function_linux::getche()’:
../function_linux.cpp:25:20: error: aggregate ‘function_linux::getche()::termios oldattr’ has incomplete type and cannot be defined
     struct termios oldattr, newattr;
                    ^~~~~~~
../function_linux.cpp:25:29: error: aggregate ‘function_linux::getche()::termios newattr’ has incomplete type and cannot be defined
     struct termios oldattr, newattr;
                             ^~~~~~~
../function_linux.cpp:27:16: error: ‘STDIN_FILENO’ was not declared in this scope
     tcgetattr( STDIN_FILENO, &oldattr );
                ^~~~~~~~~~~~
../function_linux.cpp:27:5: error: ‘tcgetattr’ was not declared in this scope
     tcgetattr( STDIN_FILENO, &oldattr );
     ^~~~~~~~~
../function_linux.cpp:29:27: error: ‘ICANON’ was not declared in this scope
     newattr.c_lflag &= ~( ICANON );
                           ^~~~~~
../function_linux.cpp:30:30: error: ‘TCSANOW’ was not declared in this scope
     tcsetattr( STDIN_FILENO, TCSANOW, &newattr );
                              ^~~~~~~
../function_linux.cpp:30:5: error: ‘tcsetattr’ was not declared in this scope
     tcsetattr( STDIN_FILENO, TCSANOW, &newattr );
     ^~~~~~~~~
../function_linux.cpp:31:10: error: ‘getchar’ was not declared in this scope
     ch = getchar();
          ^~~~~~~
../function_linux.cpp:31:10: note: suggested alternative: ‘getch’
     ch = getchar();
          ^~~~~~~
          getch
subdir.mk:21: recipe for target 'function_linux.o' failed
make: *** [function_linux.o] Error 1
"make all" terminated with exit code 2. Build might be incomplete.
20:55:09 **** Incremental Build of configuration Debug for project manager ****
make all 
Building file: ../function_linux.cpp
Invoking: Cross G++ Compiler
g++ -O0 -g3 -Wall -c -fmessage-length=0 -MMD -MP -MF"function_linux.d" -MT"function_linux.o" -o "function_linux.o" "../function_linux.cpp"
Finished building: ../function_linux.cpp
 
Building file: ../main.cpp
Invoking: Cross G++ Compiler
g++ -O0 -g3 -Wall -c -fmessage-length=0 -MMD -MP -MF"main.d" -MT"main.o" -o "main.o" "../main.cpp"
Finished building: ../main.cpp
 
Building target: manager
Invoking: Cross G++ Linker
g++  -o "manager"  ./function_linux.o ./main.o   
Finished building target: manager
 
20:55:41 **** Incremental Build of configuration Debug for project manager ****
make all 
Building file: ../function_linux.cpp
Invoking: Cross G++ Compiler
g++ -O0 -g3 -Wall -c -fmessage-length=0 -MMD -MP -MF"function_linux.d" -MT"function_linux.o" -o "function_linux.o" "../function_linux.cpp"
../function_linux.cpp: In member function ‘int function_linux::getch()’:
../function_linux.cpp:11:20: error: aggregate ‘function_linux::getch()::termios oldattr’ has incomplete type and cannot be defined
subdir.mk:21: recipe for target 'function_linux.o' failed
     struct termios oldattr, newattr;
                    ^~~~~~~
../function_linux.cpp:11:29: error: aggregate ‘function_linux::getch()::termios newattr’ has incomplete type and cannot be defined
     struct termios oldattr, newattr;
                             ^~~~~~~
../function_linux.cpp:13:16: error: ‘STDIN_FILENO’ was not declared in this scope
     tcgetattr( STDIN_FILENO, &oldattr );
                ^~~~~~~~~~~~
../function_linux.cpp:13:5: error: ‘tcgetattr’ was not declared in this scope
     tcgetattr( STDIN_FILENO, &oldattr );
     ^~~~~~~~~
../function_linux.cpp:15:27: error: ‘ICANON’ was not declared in this scope
     newattr.c_lflag &= ~( ICANON | ECHO );
                           ^~~~~~
../function_linux.cpp:15:36: error: ‘ECHO’ was not declared in this scope
     newattr.c_lflag &= ~( ICANON | ECHO );
                                    ^~~~
../function_linux.cpp:16:30: error: ‘TCSANOW’ was not declared in this scope
     tcsetattr( STDIN_FILENO, TCSANOW, &newattr );
                              ^~~~~~~
../function_linux.cpp:16:5: error: ‘tcsetattr’ was not declared in this scope
     tcsetattr( STDIN_FILENO, TCSANOW, &newattr );
     ^~~~~~~~~
../function_linux.cpp:17:10: error: ‘getchar’ was not declared in this scope
     ch = getchar();
          ^~~~~~~
../function_linux.cpp:17:10: note: suggested alternative: ‘getch’
     ch = getchar();
          ^~~~~~~
          getch
../function_linux.cpp: In member function ‘int function_linux::getche()’:
../function_linux.cpp:24:20: error: aggregate ‘function_linux::getche()::termios oldattr’ has incomplete type and cannot be defined
     struct termios oldattr, newattr;
                    ^~~~~~~
../function_linux.cpp:24:29: error: aggregate ‘function_linux::getche()::termios newattr’ has incomplete type and cannot be defined
     struct termios oldattr, newattr;
                             ^~~~~~~
../function_linux.cpp:26:16: error: ‘STDIN_FILENO’ was not declared in this scope
     tcgetattr( STDIN_FILENO, &oldattr );
                ^~~~~~~~~~~~
../function_linux.cpp:26:5: error: ‘tcgetattr’ was not declared in this scope
     tcgetattr( STDIN_FILENO, &oldattr );
     ^~~~~~~~~
../function_linux.cpp:28:27: error: ‘ICANON’ was not declared in this scope
     newattr.c_lflag &= ~( ICANON );
                           ^~~~~~
../function_linux.cpp:29:30: error: ‘TCSANOW’ was not declared in this scope
     tcsetattr( STDIN_FILENO, TCSANOW, &newattr );
                              ^~~~~~~
../function_linux.cpp:29:5: error: ‘tcsetattr’ was not declared in this scope
     tcsetattr( STDIN_FILENO, TCSANOW, &newattr );
     ^~~~~~~~~
../function_linux.cpp:30:10: error: ‘getchar’ was not declared in this scope
     ch = getchar();
          ^~~~~~~
../function_linux.cpp:30:10: note: suggested alternative: ‘getch’
     ch = getchar();
          ^~~~~~~
          getch
make: *** [function_linux.o] Error 1
"make all" terminated with exit code 2. Build might be incomplete.
20:59:03 **** Incremental Build of configuration Debug for project manager ****
make all 
Building file: ../function_linux.cpp
Invoking: Cross G++ Compiler
g++ -O0 -g3 -Wall -c -fmessage-length=0 -MMD -MP -MF"function_linux.d" -MT"function_linux.o" -o "function_linux.o" "../function_linux.cpp"
In file included from ../function_linux.cpp:7:0:
../function_linux.h: In member function ‘int function_linux::getch()’:
../function_linux.h:18:20: error: aggregate ‘function_linux::getch()::termios oldattr’ has incomplete type and cannot be defined
     struct termios oldattr, newattr;
                    ^~~~~~~
../function_linux.h:18:29: error: aggregate ‘function_linux::getch()::termios newattr’ has incomplete type and cannot be defined
     struct termios oldattr, newattr;
                             ^~~~~~~
../function_linux.h:20:16: error: ‘STDIN_FILENO’ was not declared in this scope
     tcgetattr( STDIN_FILENO, &oldattr );
                ^~~~~~~~~~~~
../function_linux.h:20:5: error: ‘tcgetattr’ was not declared in this scope
     tcgetattr( STDIN_FILENO, &oldattr );
     ^~~~~~~~~
../function_linux.h:22:27: error: ‘ICANON’ was not declared in this scope
     newattr.c_lflag &= ~( ICANON | ECHO );
                           ^~~~~~
../function_linux.h:22:36: error: ‘ECHO’ was not declared in this scope
     newattr.c_lflag &= ~( ICANON | ECHO );
                                    ^~~~
../function_linux.h:23:30: error: ‘TCSANOW’ was not declared in this scope
     tcsetattr( STDIN_FILENO, TCSANOW, &newattr );
                              ^~~~~~~
../function_linux.h:23:5: error: ‘tcsetattr’ was not declared in this scope
     tcsetattr( STDIN_FILENO, TCSANOW, &newattr );
     ^~~~~~~~~
../function_linux.h:24:10: error: ‘getchar’ was not declared in this scope
     ch = getchar();
          ^~~~~~~
../function_linux.h:24:10: note: suggested alternative: ‘getch’
     ch = getchar();
          ^~~~~~~
          getch
../function_linux.cpp: At global scope:
../function_linux.cpp:9:5: error: redefinition of ‘int function_linux::getch()’
 int function_linux::getch(void)
     ^~~~~~~~~~~~~~
In file included from ../function_linux.cpp:7:0:
../function_linux.h:16:5: note: ‘int function_linux::getch()’ previously defined here
 int function_linux::getch(void)
     ^~~~~~~~~~~~~~
../function_linux.cpp: In member function ‘int function_linux::getche()’:
../function_linux.cpp:24:20: error: aggregate ‘function_linux::getche()::termios oldattr’ has incomplete type and cannot be defined
     struct termios oldattr, newattr;
                    ^~~~~~~
../function_linux.cpp:24:29: error: aggregate ‘function_linux::getche()::termios newattr’ has incomplete type and cannot be defined
     struct termios oldattr, newattr;
                             ^~~~~~~
../function_linux.cpp:26:16: error: ‘STDIN_FILENO’ was not declared in this scope
     tcgetattr( STDIN_FILENO, &oldattr );
                ^~~~~~~~~~~~
../function_linux.cpp:26:5: error: ‘tcgetattr’ was not declared in this scope
     tcgetattr( STDIN_FILENO, &oldattr );
     ^~~~~~~~~
../function_linux.cpp:28:27: error: ‘ICANON’ was not declared in this scope
     newattr.c_lflag &= ~( ICANON );
                           ^~~~~~
../function_linux.cpp:29:30: error: ‘TCSANOW’ was not declared in this scope
     tcsetattr( STDIN_FILENO, TCSANOW, &newattr );
                              ^~~~~~~
subdir.mk:21: recipe for target 'function_linux.o' failed
../function_linux.cpp:29:5: error: ‘tcsetattr’ was not declared in this scope
     tcsetattr( STDIN_FILENO, TCSANOW, &newattr );
     ^~~~~~~~~
../function_linux.cpp:30:10: error: ‘getchar’ was not declared in this scope
     ch = getchar();
          ^~~~~~~
../function_linux.cpp:30:10: note: suggested alternative: ‘getch’
     ch = getchar();
          ^~~~~~~
          getch
make: *** [function_linux.o] Error 1
"make all" terminated with exit code 2. Build might be incomplete.
20:59:10 **** Incremental Build of configuration Debug for project manager ****
make all 
Building file: ../function_linux.cpp
Invoking: Cross G++ Compiler
g++ -O0 -g3 -Wall -c -fmessage-length=0 -MMD -MP -MF"function_linux.d" -MT"function_linux.o" -o "function_linux.o" "../function_linux.cpp"
In file included from ../function_linux.cpp:7:0:
../function_linux.h: In member function ‘int function_linux::getch()’:
../function_linux.h:18:20: error: aggregate ‘function_linux::getch()::termios oldattr’ has incomplete type and cannot be defined
     struct termios oldattr, newattr;
                    ^~~~~~~
../function_linux.h:18:29: error: aggregate ‘function_linux::getch()::termios newattr’ has incomplete type and cannot be defined
     struct termios oldattr, newattr;
                             ^~~~~~~
../function_linux.h:20:16: error: ‘STDIN_FILENO’ was not declared in this scope
     tcgetattr( STDIN_FILENO, &oldattr );
                ^~~~~~~~~~~~
../function_linux.h:20:5: error: ‘tcgetattr’ was not declared in this scope
     tcgetattr( STDIN_FILENO, &oldattr );
     ^~~~~~~~~
../function_linux.h:22:27: error: ‘ICANON’ was not declared in this scope
     newattr.c_lflag &= ~( ICANON | ECHO );
                           ^~~~~~
../function_linux.h:22:36: error: ‘ECHO’ was not declared in this scope
     newattr.c_lflag &= ~( ICANON | ECHO );
                                    ^~~~
../function_linux.h:23:30: error: ‘TCSANOW’ was not declared in this scope
     tcsetattr( STDIN_FILENO, TCSANOW, &newattr );
                              ^~~~~~~
../function_linux.h:23:5: error: ‘tcsetattr’ was not declared in this scope
     tcsetattr( STDIN_FILENO, TCSANOW, &newattr );
     ^~~~~~~~~
../function_linux.h:24:10: error: ‘getchar’ was not declared in this scope
     ch = getchar();
          ^~~~~~~
../function_linux.h:24:10: note: suggested alternative: ‘getch’
     ch = getchar();
          ^~~~~~~
          getch
../function_linux.cpp: In member function ‘int function_linux::getche()’:
../function_linux.cpp:12:20: error: aggregate ‘function_linux::getche()::termios oldattr’ has incomplete type and cannot be defined
     struct termios oldattr, newattr;
                    ^~~~~~~
../function_linux.cpp:12:29: error: aggregate ‘function_linux::getche()::termios newattr’ has incomplete type and cannot be defined
     struct termios oldattr, newattr;
                             ^~~~~~~
../function_linux.cpp:14:16: error: ‘STDIN_FILENO’ was not declared in this scope
subdir.mk:21: recipe for target 'function_linux.o' failed
     tcgetattr( STDIN_FILENO, &oldattr );
                ^~~~~~~~~~~~
../function_linux.cpp:14:5: error: ‘tcgetattr’ was not declared in this scope
     tcgetattr( STDIN_FILENO, &oldattr );
     ^~~~~~~~~
../function_linux.cpp:16:27: error: ‘ICANON’ was not declared in this scope
     newattr.c_lflag &= ~( ICANON );
                           ^~~~~~
../function_linux.cpp:17:30: error: ‘TCSANOW’ was not declared in this scope
     tcsetattr( STDIN_FILENO, TCSANOW, &newattr );
                              ^~~~~~~
../function_linux.cpp:17:5: error: ‘tcsetattr’ was not declared in this scope
     tcsetattr( STDIN_FILENO, TCSANOW, &newattr );
     ^~~~~~~~~
../function_linux.cpp:18:10: error: ‘getchar’ was not declared in this scope
     ch = getchar();
          ^~~~~~~
../function_linux.cpp:18:10: note: suggested alternative: ‘getch’
     ch = getchar();
          ^~~~~~~
          getch
make: *** [function_linux.o] Error 1
"make all" terminated with exit code 2. Build might be incomplete.
20:59:58 **** Incremental Build of configuration Debug for project manager ****
make all 
Building file: ../function_linux.cpp
Invoking: Cross G++ Compiler
g++ -O0 -g3 -Wall -c -fmessage-length=0 -MMD -MP -MF"function_linux.d" -MT"function_linux.o" -o "function_linux.o" "../function_linux.cpp"
Finished building: ../function_linux.cpp
 
Building file: ../main.cpp
Invoking: Cross G++ Compiler
g++ -O0 -g3 -Wall -c -fmessage-length=0 -MMD -MP -MF"main.d" -MT"main.o" -o "main.o" "../main.cpp"
Finished building: ../main.cpp
 
Building target: manager
Invoking: Cross G++ Linker
g++  -o "manager"  ./function_linux.o ./main.o   
./main.o: In function `function_linux::getch()':
/home/huy/Documents/HK2 2018-2019/cs162/project/manager/Debug/../function_linux.h:21: multiple definition of `function_linux::getch()'
makefile:44: recipe for target 'manager' failed
./function_linux.o:/home/huy/Documents/HK2 2018-2019/cs162/project/manager/Debug/../function_linux.h:21: first defined here
collect2: error: ld returned 1 exit status
make: *** [manager] Error 1
"make all" terminated with exit code 2. Build might be incomplete.
21:00:14 **** Incremental Build of configuration Debug for project manager ****
make all 
Building file: ../function_linux.cpp
Invoking: Cross G++ Compiler
g++ -O0 -g3 -Wall -c -fmessage-length=0 -MMD -MP -MF"function_linux.d" -MT"function_linux.o" -o "function_linux.o" "../function_linux.cpp"
Finished building: ../function_linux.cpp
 
Building file: ../main.cpp
Invoking: Cross G++ Compiler
g++ -O0 -g3 -Wall -c -fmessage-length=0 -MMD -MP -MF"main.d" -MT"main.o" -o "main.o" "../main.cpp"
Finished building: ../main.cpp
 
Building target: manager
Invoking: Cross G++ Linker
g++  -o "manager"  ./function_linux.o ./main.o   
Finished building target: manager
 
21:16:25 **** Incremental Build of configuration Debug for project manager ****
make all 
Building file: ../function_linux.cpp
Invoking: Cross G++ Compiler
g++ -O0 -g3 -Wall -c -fmessage-length=0 -MMD -MP -MF"function_linux.d" -MT"function_linux.o" -o "function_linux.o" "../function_linux.cpp"
Finished building: ../function_linux.cpp
 
Building file: ../login.cpp
Invoking: Cross G++ Compiler
g++ -O0 -g3 -Wall -c -fmessage-length=0 -MMD -MP -MF"login.d" -MT"login.o" -o "login.o" "../login.cpp"
../login.cpp: In member function ‘int login::screen()’:
../login.cpp:12:1: warning: no return statement in function returning non-void [-Wreturn-type]
 }
 ^
Finished building: ../login.cpp
 
Building file: ../main.cpp
Invoking: Cross G++ Compiler
g++ -O0 -g3 -Wall -c -fmessage-length=0 -MMD -MP -MF"main.d" -MT"main.o" -o "main.o" "../main.cpp"
Finished building: ../main.cpp
 
Building target: manager
Invoking: Cross G++ Linker
g++  -o "manager"  ./function_linux.o ./login.o ./main.o   
Finished building target: manager
 
21:16:46 **** Incremental Build of configuration Debug for project manager ****
make all 
Building file: ../login.cpp
Invoking: Cross G++ Compiler
g++ -O0 -g3 -Wall -c -fmessage-length=0 -MMD -MP -MF"login.d" -MT"login.o" -o "login.o" "../login.cpp"
Finished building: ../login.cpp
 
Building target: manager
Invoking: Cross G++ Linker
g++  -o "manager"  ./function_linux.o ./login.o ./main.o   
Finished building target: manager
 
21:17:03 **** Incremental Build of configuration Debug for project manager ****
make all 
make: Nothing to be done for 'all'.
21:19:58 **** Incremental Build of configuration Debug for project manager ****
make all 
Building file: ../main.cpp
Invoking: Cross G++ Compiler
g++ -O0 -g3 -Wall -c -fmessage-length=0 -MMD -MP -MF"main.d" -MT"main.o" -o "main.o" "../main.cpp"
Finished building: ../main.cpp
 
Building target: manager
Invoking: Cross G++ Linker
g++  -o "manager"  ./function_linux.o ./login.o ./main.o   
Finished building target: manager
 
21:20:00 **** Incremental Build of configuration Debug for project manager ****
make all 
make: Nothing to be done for 'all'.
21:25:51 **** Incremental Build of configuration Debug for project manager ****
make all 
Building file: ../function_linux.cpp
Invoking: Cross G++ Compiler
g++ -O0 -g3 -Wall -c -fmessage-length=0 -MMD -MP -MF"function_linux.d" -MT"function_linux.o" -o "function_linux.o" "../function_linux.cpp"
Finished building: ../function_linux.cpp
 
Building file: ../login.cpp
Invoking: Cross G++ Compiler
g++ -O0 -g3 -Wall -c -fmessage-length=0 -MMD -MP -MF"login.d" -MT"login.o" -o "login.o" "../login.cpp"
Finished building: ../login.cpp
 
Building file: ../main.cpp
Invoking: Cross G++ Compiler
g++ -O0 -g3 -Wall -c -fmessage-length=0 -MMD -MP -MF"main.d" -MT"main.o" -o "main.o" "../main.cpp"
Finished building: ../main.cpp
 
Building target: manager
Invoking: Cross G++ Linker
g++  -o "manager"  ./function_linux.o ./login.o ./main.o   
Finished building target: manager
 
21:29:00 **** Incremental Build of configuration Debug for project manager ****
make all 
Building file: ../main.cpp
Invoking: Cross G++ Compiler
g++ -O0 -g3 -Wall -c -fmessage-length=0 -MMD -MP -MF"main.d" -MT"main.o" -o "main.o" "../main.cpp"
Finished building: ../main.cpp
 
Building target: manager
Invoking: Cross G++ Linker
g++  -o "manager"  ./function_linux.o ./login.o ./main.o   
Finished building target: manager
 
21:30:35 **** Incremental Build of configuration Debug for project manager ****
make all 
Building file: ../function_linux.cpp
Invoking: Cross G++ Compiler
g++ -O0 -g3 -Wall -c -fmessage-length=0 -MMD -MP -MF"function_linux.d" -MT"function_linux.o" -o "function_linux.o" "../function_linux.cpp"
Finished building: ../function_linux.cpp
 
Building file: ../main.cpp
Invoking: Cross G++ Compiler
g++ -O0 -g3 -Wall -c -fmessage-length=0 -MMD -MP -MF"main.d" -MT"main.o" -o "main.o" "../main.cpp"
Finished building: ../main.cpp
 
Building target: manager
Invoking: Cross G++ Linker
g++  -o "manager"  ./function_linux.o ./login.o ./main.o   
Finished building target: manager
 
21:31:10 **** Incremental Build of configuration Debug for project manager ****
make all 
Building file: ../main.cpp
Invoking: Cross G++ Compiler
g++ -O0 -g3 -Wall -c -fmessage-length=0 -MMD -MP -MF"main.d" -MT"main.o" -o "main.o" "../main.cpp"
Finished building: ../main.cpp
 
Building target: manager
Invoking: Cross G++ Linker
g++  -o "manager"  ./function_linux.o ./login.o ./main.o   
Finished building target: manager
 
21:35:15 **** Incremental Build of configuration Debug for project manager ****
make all 
Building file: ../function_linux.cpp
Invoking: Cross G++ Compiler
g++ -O0 -g3 -Wall -c -fmessage-length=0 -MMD -MP -MF"function_linux.d" -MT"function_linux.o" -o "function_linux.o" "../function_linux.cpp"
Finished building: ../function_linux.cpp
 
Building file: ../main.cpp
Invoking: Cross G++ Compiler
g++ -O0 -g3 -Wall -c -fmessage-length=0 -MMD -MP -MF"main.d" -MT"main.o" -o "main.o" "../main.cpp"
In file included from ../main.cpp:8:0:
../function_linux.h:17:8: error: ISO C++ forbids declaration of ‘getch’ with no type [-fpermissive]
  getch();
        ^
subdir.mk:24: recipe for target 'main.o' failed
make: *** [main.o] Error 1
"make all" terminated with exit code 2. Build might be incomplete.
21:35:26 **** Incremental Build of configuration Debug for project manager ****
make all 
Building file: ../function_linux.cpp
Invoking: Cross G++ Compiler
g++ -O0 -g3 -Wall -c -fmessage-length=0 -MMD -MP -MF"function_linux.d" -MT"function_linux.o" -o "function_linux.o" "../function_linux.cpp"
Finished building: ../function_linux.cpp
 
Building file: ../main.cpp
Invoking: Cross G++ Compiler
g++ -O0 -g3 -Wall -c -fmessage-length=0 -MMD -MP -MF"main.d" -MT"main.o" -o "main.o" "../main.cpp"
Finished building: ../main.cpp
 
Building target: manager
Invoking: Cross G++ Linker
g++  -o "manager"  ./function_linux.o ./login.o ./main.o   
./main.o: In function `main':
/home/huy/Documents/HK2 2018-2019/cs162/project/manager/Debug/../main.cpp:12: undefined reference to `function_linux::gotoXY(int, int)'
makefile:44: recipe for target 'manager' failed
/home/huy/Documents/HK2 2018-2019/cs162/project/manager/Debug/../main.cpp:13: undefined reference to `function_linux::clrscr()'
collect2: error: ld returned 1 exit status
make: *** [manager] Error 1
"make all" terminated with exit code 2. Build might be incomplete.
21:35:45 **** Incremental Build of configuration Debug for project manager ****
make all 
Building file: ../function_linux.cpp
Invoking: Cross G++ Compiler
g++ -O0 -g3 -Wall -c -fmessage-length=0 -MMD -MP -MF"function_linux.d" -MT"function_linux.o" -o "function_linux.o" "../function_linux.cpp"
../function_linux.cpp:9:5: error: prototype for ‘int function_linux::getch()’ does not match any in class ‘function_linux’
 int function_linux::getch(void){
     ^~~~~~~~~~~~~~
In file included from ../function_linux.cpp:7:0:
../function_linux.h:17:7: error: candidate is: void function_linux::getch()
  void getch(void);
       ^~~~~
make: *** [function_linux.o] Error 1
subdir.mk:24: recipe for target 'function_linux.o' failed
"make all" terminated with exit code 2. Build might be incomplete.
21:35:57 **** Incremental Build of configuration Debug for project manager ****
make all 
Building file: ../function_linux.cpp
Invoking: Cross G++ Compiler
g++ -O0 -g3 -Wall -c -fmessage-length=0 -MMD -MP -MF"function_linux.d" -MT"function_linux.o" -o "function_linux.o" "../function_linux.cpp"
Finished building: ../function_linux.cpp
 
Building file: ../main.cpp
Invoking: Cross G++ Compiler
g++ -O0 -g3 -Wall -c -fmessage-length=0 -MMD -MP -MF"main.d" -MT"main.o" -o "main.o" "../main.cpp"
Finished building: ../main.cpp
 
Building target: manager
Invoking: Cross G++ Linker
g++  -o "manager"  ./function_linux.o ./login.o ./main.o   
Finished building target: manager
 
21:36:08 **** Incremental Build of configuration Debug for project manager ****
make all 
make: Nothing to be done for 'all'.
21:48:13 **** Incremental Build of configuration Debug for project manager ****
make all 
Building file: ../main.cpp
Invoking: Cross G++ Compiler
g++ -O0 -g3 -Wall -c -fmessage-length=0 -MMD -MP -MF"main.d" -MT"main.o" -o "main.o" "../main.cpp"
Finished building: ../main.cpp
 
Building target: manager
Invoking: Cross G++ Linker
g++  -o "manager"  ./function_linux.o ./login.o ./main.o   
Finished building target: manager
 
17:13:43 **** Build of configuration Debug for project manager ****
make all 
Building file: ../login.cpp
Invoking: Cross G++ Compiler
g++ -O0 -g3 -Wall -c -fmessage-length=0 -MMD -MP -MF"login.d" -MT"login.o" -o "login.o" "../login.cpp"
../login.cpp: In member function ‘int login::screen()’:
../login.cpp:12:29: error: cannot call member function ‘void function_linux::gotoXY(int, int)’ without object
  function_linux::gotoXY(5,15);
                             ^
../login.cpp:14:1: warning: no return statement in function returning non-void [-Wreturn-type]
 }
 ^
make: *** [login.o] Error 1
subdir.mk:24: recipe for target 'login.o' failed
"make all" terminated with exit code 2. Build might be incomplete.
17:18:12 **** Incremental Build of configuration Debug for project manager ****
make all 
Building file: ../login.cpp
Invoking: Cross G++ Compiler
g++ -O0 -g3 -Wall -c -fmessage-length=0 -MMD -MP -MF"login.d" -MT"login.o" -o "login.o" "../login.cpp"
Finished building: ../login.cpp
 
Building file: ../main.cpp
Invoking: Cross G++ Compiler
g++ -O0 -g3 -Wall -c -fmessage-length=0 -MMD -MP -MF"main.d" -MT"main.o" -o "main.o" "../main.cpp"
Finished building: ../main.cpp
 
Building target: manager
Invoking: Cross G++ Linker
g++  -o "manager"  ./function_linux.o ./login.o ./main.o   
Finished building target: manager
 
17:25:41 **** Build of configuration Debug for project SMS ****
make all 
Building file: ../main.cpp
Invoking: Cross G++ Compiler
g++ -O0 -g3 -Wall -c -fmessage-length=0 -MMD -MP -MF"main.d" -MT"main.o" -o "main.o" "../main.cpp"
Finished building: ../main.cpp
 
Building target: SMS
Invoking: Cross G++ Linker
g++  -o "SMS"  ./main.o   
Finished building target: SMS
 
17:25:52 **** Incremental Build of configuration Debug for project SMS ****
make all 
Building file: ../main.cpp
Invoking: Cross G++ Compiler
g++ -O0 -g3 -Wall -c -fmessage-length=0 -MMD -MP -MF"main.d" -MT"main.o" -o "main.o" "../main.cpp"
Finished building: ../main.cpp
 
Building target: SMS
Invoking: Cross G++ Linker
g++  -o "SMS"  ./main.o   
Finished building target: SMS
 
17:26:10 **** Incremental Build of configuration Debug for project SMS ****
make all 
make: Nothing to be done for 'all'.
17:26:17 **** Incremental Build of configuration Debug for project SMS ****
make all 
make: Nothing to be done for 'all'.
17:26:28 **** Incremental Build of configuration Debug for project SMS ****
make all 
Building file: ../main.cpp
Invoking: Cross G++ Compiler
g++ -O0 -g3 -Wall -c -fmessage-length=0 -MMD -MP -MF"main.d" -MT"main.o" -o "main.o" "../main.cpp"
Finished building: ../main.cpp
 
Building target: SMS
Invoking: Cross G++ Linker
g++  -o "SMS"  ./main.o   
Finished building target: SMS
 
17:40:48 **** Incremental Build of configuration Debug for project SMS ****
make all 
Building file: ../main.cpp
Invoking: Cross G++ Compiler
g++ -O0 -g3 -Wall -c -fmessage-length=0 -MMD -MP -MF"main.d" -MT"main.o" -o "main.o" "../main.cpp"
Finished building: ../main.cpp
 
Building target: SMS
Invoking: Cross G++ Linker
g++  -o "SMS"  ./main.o   
./main.o: In function `linuxF::clrscr()':
/home/huy/Documents/HK2 2018-2019/cs162/project/SMS/Debug/../linuxF.h:17: undefined reference to `initscr'
/home/huy/Documents/HK2 2018-2019/cs162/project/SMS/Debug/../linuxF.h:19: undefined reference to `endwin'
collect2: error: ld returned 1 exit status
make: *** [SMS] Error 1
makefile:44: recipe for target 'SMS' failed
"make all" terminated with exit code 2. Build might be incomplete.
17:41:34 **** Incremental Build of configuration Debug for project SMS ****
make all 
Building file: ../main.cpp
Invoking: Cross G++ Compiler
g++ -O0 -g3 -Wall -c -fmessage-length=0 -MMD -MP -MF"main.d" -MT"main.o" -o "main.o" "../main.cpp"
../main.cpp: In function ‘int main()’:
../main.cpp:10:2: error: ‘initscr’ was not declared in this scope
  initscr();
  ^~~~~~~
../main.cpp:10:2: note: suggested alternative: ‘initstate’
  initscr();
  ^~~~~~~
  initstate
../main.cpp:12:2: error: ‘endwin’ was not declared in this scope
  endwin();
  ^~~~~~
../main.cpp:12:2: note: suggested alternative: ‘stdin’
  endwin();
  ^~~~~~
  stdin
subdir.mk:18: recipe for target 'main.o' failed
make: *** [main.o] Error 1
"make all" terminated with exit code 2. Build might be incomplete.
17:41:50 **** Incremental Build of configuration Debug for project SMS ****
make all 
Building file: ../main.cpp
Invoking: Cross G++ Compiler
g++ -O0 -g3 -Wall -c -fmessage-length=0 -MMD -MP -MF"main.d" -MT"main.o" -o "main.o" "../main.cpp"
Finished building: ../main.cpp
 
Building target: SMS
Invoking: Cross G++ Linker
g++  -o "SMS"  ./main.o   
./main.o: In function `main':
/home/huy/Documents/HK2 2018-2019/cs162/project/SMS/Debug/../main.cpp:11: undefined reference to `initscr'
makefile:44: recipe for target 'SMS' failed
/home/huy/Documents/HK2 2018-2019/cs162/project/SMS/Debug/../main.cpp:13: undefined reference to `endwin'
collect2: error: ld returned 1 exit status
make: *** [SMS] Error 1
"make all" terminated with exit code 2. Build might be incomplete.
17:42:31 **** Incremental Build of configuration Debug for project SMS ****
make all 
Building file: ../main.cpp
Invoking: Cross G++ Compiler
g++ -O0 -g3 -Wall -c -fmessage-length=0 -MMD -MP -MF"main.d" -MT"main.o" -o "main.o" "../main.cpp"
Finished building: ../main.cpp
 
Building target: SMS
Invoking: Cross G++ Linker
g++  -o "SMS"  ./main.o   
./main.o: In function `main':
/home/huy/Documents/HK2 2018-2019/cs162/project/SMS/Debug/../main.cpp:11: undefined reference to `initscr'
collect2: error: ld returned 1 exit status
makefile:44: recipe for target 'SMS' failed
make: *** [SMS] Error 1
"make all" terminated with exit code 2. Build might be incomplete.
17:48:00 **** Incremental Build of configuration Debug for project SMS ****
make all 
Building file: ../main.cpp
Invoking: Cross G++ Compiler
g++ -O0 -g3 -Wall -c -fmessage-length=0 -MMD -MP -MF"main.d" -MT"main.o" -o "main.o" "../main.cpp"
Finished building: ../main.cpp
 
Building target: SMS
Invoking: Cross G++ Linker
g++  -o "SMS"  ./main.o   
Finished building target: SMS
 
18:15:36 **** Incremental Build of configuration Debug for project SMS ****
make all 
Building file: ../linuxF.cpp
Invoking: Cross G++ Compiler
g++ -O0 -g3 -Wall -c -fmessage-length=0 -MMD -MP -MF"linuxF.d" -MT"linuxF.o" -o "linuxF.o" "../linuxF.cpp"
Finished building: ../linuxF.cpp
 
Building file: ../login.cpp
Invoking: Cross G++ Compiler
g++ -O0 -g3 -Wall -c -fmessage-length=0 -MMD -MP -MF"login.d" -MT"login.o" -o "login.o" "../login.cpp"
Finished building: ../login.cpp
 
Building file: ../main.cpp
Invoking: Cross G++ Compiler
g++ -O0 -g3 -Wall -c -fmessage-length=0 -MMD -MP -MF"main.d" -MT"main.o" -o "main.o" "../main.cpp"
Finished building: ../main.cpp
 
Building target: SMS
Invoking: Cross G++ Linker
g++  -o "SMS"  ./linuxF.o ./login.o ./main.o   
./login.o: In function `login::screen()':
/home/huy/Documents/HK2 2018-2019/cs162/project/SMS/Debug/../login.cpp:27: undefined reference to `stdscr'
makefile:44: recipe for target 'SMS' failed
/home/huy/Documents/HK2 2018-2019/cs162/project/SMS/Debug/../login.cpp:27: undefined reference to `wgetch'
collect2: error: ld returned 1 exit status
make: *** [SMS] Error 1
"make all" terminated with exit code 2. Build might be incomplete.
18:18:35 **** Incremental Build of configuration Debug for project SMS ****
make all 
Building file: ../linuxF.cpp
Invoking: Cross G++ Compiler
g++ -O0 -g3 -Wall -c -fmessage-length=0 -MMD -MP -MF"linuxF.d" -MT"linuxF.o" -o "linuxF.o" "../linuxF.cpp"
../linuxF.cpp: In member function ‘int linuxF::getch()’:
../linuxF.cpp:30:18: error: qualified-id in declaration before ‘(’ token
 int linuxF::kbhit(){
                  ^
../linuxF.cpp:54:1: error: expected ‘}’ at end of input
 }
 ^
../linuxF.cpp:54:1: warning: no return statement in function returning non-void [-Wreturn-type]
subdir.mk:24: recipe for target 'linuxF.o' failed
make: *** [linuxF.o] Error 1
"make all" terminated with exit code 2. Build might be incomplete.
18:20:43 **** Incremental Build of configuration Debug for project SMS ****
make all 
Building file: ../linuxF.cpp
Invoking: Cross G++ Compiler
g++ -O0 -g3 -Wall -c -fmessage-length=0 -MMD -MP -MF"linuxF.d" -MT"linuxF.o" -o "linuxF.o" "../linuxF.cpp"
Finished building: ../linuxF.cpp
 
Building file: ../login.cpp
Invoking: Cross G++ Compiler
g++ -O0 -g3 -Wall -c -fmessage-length=0 -MMD -MP -MF"login.d" -MT"login.o" -o "login.o" "../login.cpp"
In file included from ../login.h:12:0,
                 from ../login.cpp:8:
../linuxF.h:22:6: error: ‘stdscr’ is not a type
  int getch();
      ^
subdir.mk:24: recipe for target 'login.o' failed
make: *** [login.o] Error 1
"make all" terminated with exit code 2. Build might be incomplete.
18:21:43 **** Incremental Build of configuration Debug for project SMS ****
make all 
Building file: ../login.cpp
Invoking: Cross G++ Compiler
g++ -O0 -g3 -Wall -c -fmessage-length=0 -MMD -MP -MF"login.d" -MT"login.o" -o "login.o" "../login.cpp"
In file included from ../login.h:12:0,
                 from ../login.cpp:8:
../linuxF.h:22:6: error: ‘stdscr’ is not a type
  int getch();
      ^
subdir.mk:24: recipe for target 'login.o' failed
make: *** [login.o] Error 1
"make all" terminated with exit code 2. Build might be incomplete.
18:22:00 **** Incremental Build of configuration Debug for project SMS ****
make all 
Building file: ../login.cpp
Invoking: Cross G++ Compiler
g++ -O0 -g3 -Wall -c -fmessage-length=0 -MMD -MP -MF"login.d" -MT"login.o" -o "login.o" "../login.cpp"
../login.cpp: In member function ‘int login::screen()’:
../login.cpp:27:13: error: ‘getch’ was not declared in this scope
     int key=getch();
             ^~~~~
../login.cpp:27:13: note: suggested alternative: ‘getc’
     int key=getch();
             ^~~~~
             getc
make: *** [login.o] Error 1
subdir.mk:24: recipe for target 'login.o' failed
"make all" terminated with exit code 2. Build might be incomplete.
18:22:12 **** Incremental Build of configuration Debug for project SMS ****
make all 
Building file: ../linuxF.cpp
Invoking: Cross G++ Compiler
g++ -O0 -g3 -Wall -c -fmessage-length=0 -MMD -MP -MF"linuxF.d" -MT"linuxF.o" -o "linuxF.o" "../linuxF.cpp"
Finished building: ../linuxF.cpp
 
Building file: ../login.cpp
Invoking: Cross G++ Compiler
g++ -O0 -g3 -Wall -c -fmessage-length=0 -MMD -MP -MF"login.d" -MT"login.o" -o "login.o" "../login.cpp"
../login.cpp: In member function ‘int login::screen()’:
../login.cpp:27:13: error: ‘getch’ was not declared in this scope
     int key=getch();
             ^~~~~
../login.cpp:27:13: note: suggested alternative: ‘getc’
     int key=getch();
             ^~~~~
             getc
subdir.mk:24: recipe for target 'login.o' failed
make: *** [login.o] Error 1
"make all" terminated with exit code 2. Build might be incomplete.
18:22:27 **** Incremental Build of configuration Debug for project SMS ****
make all 
Building file: ../login.cpp
Invoking: Cross G++ Compiler
g++ -O0 -g3 -Wall -c -fmessage-length=0 -MMD -MP -MF"login.d" -MT"login.o" -o "login.o" "../login.cpp"
../login.cpp: In member function ‘int login::screen()’:
../login.cpp:27:13: error: ‘_getch’ was not declared in this scope
     int key=_getch();
             ^~~~~~
../login.cpp:27:13: note: suggested alternative: ‘getc’
     int key=_getch();
             ^~~~~~
             getc
subdir.mk:24: recipe for target 'login.o' failed
make: *** [login.o] Error 1
"make all" terminated with exit code 2. Build might be incomplete.
18:22:45 **** Incremental Build of configuration Debug for project SMS ****
make all 
Building file: ../login.cpp
Invoking: Cross G++ Compiler
g++ -O0 -g3 -Wall -c -fmessage-length=0 -MMD -MP -MF"login.d" -MT"login.o" -o "login.o" "../login.cpp"
Finished building: ../login.cpp
 
Building file: ../main.cpp
Invoking: Cross G++ Compiler
g++ -O0 -g3 -Wall -c -fmessage-length=0 -MMD -MP -MF"main.d" -MT"main.o" -o "main.o" "../main.cpp"
Finished building: ../main.cpp
 
Building target: SMS
Invoking: Cross G++ Linker
g++  -o "SMS"  ./linuxF.o ./login.o ./main.o   
Finished building target: SMS
 
18:27:35 **** Incremental Build of configuration Debug for project SMS ****
make all 
Building file: ../linuxF.cpp
Invoking: Cross G++ Compiler
g++ -O0 -g3 -Wall -c -fmessage-length=0 -MMD -MP -MF"linuxF.d" -MT"linuxF.o" -o "linuxF.o" "../linuxF.cpp"
../linuxF.cpp:8:28: error: expected unqualified-id before ‘new’
 static struct termios old, new;
                            ^~~
../linuxF.cpp: In function ‘void initTermios(int)’:
../linuxF.cpp:14:7: error: expected type-specifier before ‘=’ token
   new = old; /* make new settings same as old settings */
       ^
../linuxF.cpp:15:6: error: expected type-specifier before ‘.’ token
   new.c_lflag &= ~ICANON; /* disable buffered i/o */
      ^
../linuxF.cpp:17:10: error: expected type-specifier before ‘.’ token
       new.c_lflag |= ECHO; /* set echo mode */
          ^
../linuxF.cpp:19:10: error: expected type-specifier before ‘.’ token
       new.c_lflag &= ~ECHO; /* set no echo mode */
          ^
../linuxF.cpp:21:29: error: expected type-specifier before ‘)’ token
   tcsetattr(0, TCSANOW, &new); /* use these new terminal i/o settings now */
                             ^
subdir.mk:24: recipe for target 'linuxF.o' failed
make: *** [linuxF.o] Error 1
"make all" terminated with exit code 2. Build might be incomplete.
18:28:04 **** Incremental Build of configuration Debug for project SMS ****
make all 
Building file: ../linuxF.cpp
Invoking: Cross G++ Compiler
g++ -O0 -g3 -Wall -c -fmessage-length=0 -MMD -MP -MF"linuxF.d" -MT"linuxF.o" -o "linuxF.o" "../linuxF.cpp"
In file included from ../linuxF.cpp:7:0:
../linuxF.h:11:25: warning: extra tokens at end of #include directive
 #include<stdio.h>static struct termios old, new;
                         ^~~~~~
../linuxF.h:11:9: fatal error: stdio.h>stati: No such file or directory
 #include<stdio.h>static struct termios old, new;
         ^~~~~~~~~~~~~~~
compilation terminated.
make: *** [linuxF.o] Error 1
subdir.mk:24: recipe for target 'linuxF.o' failed
"make all" terminated with exit code 2. Build might be incomplete.
18:28:19 **** Incremental Build of configuration Debug for project SMS ****
make all 
Building file: ../linuxF.cpp
Invoking: Cross G++ Compiler
g++ -O0 -g3 -Wall -c -fmessage-length=0 -MMD -MP -MF"linuxF.d" -MT"linuxF.o" -o "linuxF.o" "../linuxF.cpp"
../linuxF.cpp:8:28: error: expected unqualified-id before ‘new’
 static struct termios old, new;
                            ^~~
../linuxF.cpp: In function ‘void initTermios(int)’:
../linuxF.cpp:14:7: error: expected type-specifier before ‘=’ token
   new = old; /* make new settings same as old settings */
       ^
../linuxF.cpp:15:6: error: expected type-specifier before ‘.’ token
   new.c_lflag &= ~ICANON; /* disable buffered i/o */
      ^
../linuxF.cpp:17:10: error: expected type-specifier before ‘.’ token
       new.c_lflag |= ECHO; /* set echo mode */
          ^
../linuxF.cpp:19:10: error: expected type-specifier before ‘.’ token
       new.c_lflag &= ~ECHO; /* set no echo mode */
          ^
../linuxF.cpp:21:29: error: expected type-specifier before ‘)’ token
   tcsetattr(0, TCSANOW, &new); /* use these new terminal i/o settings now */
                             ^
../linuxF.cpp: In member function ‘int linuxF::kbhit()’:
../linuxF.cpp:69:29: error: ‘F_GETFL’ was not declared in this scope
  oldf = fcntl(STDIN_FILENO, F_GETFL, 0);
                             ^~~~~~~
../linuxF.cpp:69:9: error: ‘fcntl’ was not declared in this scope
  oldf = fcntl(STDIN_FILENO, F_GETFL, 0);
         ^~~~~
../linuxF.cpp:69:9: note: suggested alternative: ‘fcvt’
  oldf = fcntl(STDIN_FILENO, F_GETFL, 0);
         ^~~~~
         fcvt
../linuxF.cpp:70:22: error: ‘F_SETFL’ was not declared in this scope
  fcntl(STDIN_FILENO, F_SETFL, oldf | O_NONBLOCK);
                      ^~~~~~~
../linuxF.cpp:70:22: note: suggested alternative: ‘FD_SET’
  fcntl(STDIN_FILENO, F_SETFL, oldf | O_NONBLOCK);
                      ^~~~~~~
                      FD_SET
../linuxF.cpp:70:38: error: ‘O_NONBLOCK’ was not declared in this scope
  fcntl(STDIN_FILENO, F_SETFL, oldf | O_NONBLOCK);
                                      ^~~~~~~~~~
../linuxF.cpp:70:38: note: suggested alternative: ‘ENOTBLK’
  fcntl(STDIN_FILENO, F_SETFL, oldf | O_NONBLOCK);
                                      ^~~~~~~~~~
                                      ENOTBLK
subdir.mk:24: recipe for target 'linuxF.o' failed
make: *** [linuxF.o] Error 1
"make all" terminated with exit code 2. Build might be incomplete.
18:28:40 **** Incremental Build of configuration Debug for project SMS ****
make all 
Building file: ../linuxF.cpp
Invoking: Cross G++ Compiler
g++ -O0 -g3 -Wall -c -fmessage-length=0 -MMD -MP -MF"linuxF.d" -MT"linuxF.o" -o "linuxF.o" "../linuxF.cpp"
../linuxF.cpp:8:28: error: expected unqualified-id before ‘new’
 static struct termios old, new;
                            ^~~
../linuxF.cpp: In function ‘void initTermios(int)’:
../linuxF.cpp:14:7: error: expected type-specifier before ‘=’ token
   new = old; /* make new settings same as old settings */
       ^
../linuxF.cpp:15:6: error: expected type-specifier before ‘.’ token
   new.c_lflag &= ~ICANON; /* disable buffered i/o */
      ^
../linuxF.cpp:17:10: error: expected type-specifier before ‘.’ token
       new.c_lflag |= ECHO; /* set echo mode */
          ^
../linuxF.cpp:19:10: error: expected type-specifier before ‘.’ token
       new.c_lflag &= ~ECHO; /* set no echo mode */
          ^
../linuxF.cpp:21:29: error: expected type-specifier before ‘)’ token
   tcsetattr(0, TCSANOW, &new); /* use these new terminal i/o settings now */
                             ^
make: *** [linuxF.o] Error 1
subdir.mk:24: recipe for target 'linuxF.o' failed
"make all" terminated with exit code 2. Build might be incomplete.
18:31:27 **** Incremental Build of configuration Debug for project SMS ****
make all 
Building file: ../linuxF.cpp
Invoking: Cross G++ Compiler
g++ -O0 -g3 -Wall -c -fmessage-length=0 -MMD -MP -MF"linuxF.d" -MT"linuxF.o" -o "linuxF.o" "../linuxF.cpp"
Finished building: ../linuxF.cpp
 
Building file: ../login.cpp
Invoking: Cross G++ Compiler
g++ -O0 -g3 -Wall -c -fmessage-length=0 -MMD -MP -MF"login.d" -MT"login.o" -o "login.o" "../login.cpp"
Finished building: ../login.cpp
 
Building file: ../main.cpp
Invoking: Cross G++ Compiler
g++ -O0 -g3 -Wall -c -fmessage-length=0 -MMD -MP -MF"main.d" -MT"main.o" -o "main.o" "../main.cpp"
Finished building: ../main.cpp
 
Building target: SMS
Invoking: Cross G++ Linker
g++  -o "SMS"  ./linuxF.o ./login.o ./main.o   
Finished building target: SMS
 
18:32:16 **** Incremental Build of configuration Debug for project SMS ****
make all 
Building file: ../login.cpp
Invoking: Cross G++ Compiler
g++ -O0 -g3 -Wall -c -fmessage-length=0 -MMD -MP -MF"login.d" -MT"login.o" -o "login.o" "../login.cpp"
Finished building: ../login.cpp
 
Building target: SMS
Invoking: Cross G++ Linker
g++  -o "SMS"  ./linuxF.o ./login.o ./main.o   
Finished building target: SMS
 
18:32:50 **** Incremental Build of configuration Debug for project SMS ****
make all 
Building file: ../login.cpp
Invoking: Cross G++ Compiler
g++ -O0 -g3 -Wall -c -fmessage-length=0 -MMD -MP -MF"login.d" -MT"login.o" -o "login.o" "../login.cpp"
Finished building: ../login.cpp
 
Building target: SMS
Invoking: Cross G++ Linker
g++  -o "SMS"  ./linuxF.o ./login.o ./main.o   
Finished building target: SMS
 
18:33:36 **** Incremental Build of configuration Debug for project SMS ****
make all 
Building file: ../login.cpp
Invoking: Cross G++ Compiler
g++ -O0 -g3 -Wall -c -fmessage-length=0 -MMD -MP -MF"login.d" -MT"login.o" -o "login.o" "../login.cpp"
Finished building: ../login.cpp
 
Building target: SMS
Invoking: Cross G++ Linker
g++  -o "SMS"  ./linuxF.o ./login.o ./main.o   
Finished building target: SMS
 
18:35:20 **** Incremental Build of configuration Debug for project SMS ****
make all 
Building file: ../login.cpp
Invoking: Cross G++ Compiler
g++ -O0 -g3 -Wall -c -fmessage-length=0 -MMD -MP -MF"login.d" -MT"login.o" -o "login.o" "../login.cpp"
Finished building: ../login.cpp
 
Building target: SMS
Invoking: Cross G++ Linker
g++  -o "SMS"  ./linuxF.o ./login.o ./main.o   
Finished building target: SMS
 
18:40:23 **** Incremental Build of configuration Debug for project SMS ****
make all 
Building file: ../linuxF.cpp
Invoking: Cross G++ Compiler
g++ -O0 -g3 -Wall -c -fmessage-length=0 -MMD -MP -MF"linuxF.d" -MT"linuxF.o" -o "linuxF.o" "../linuxF.cpp"
Finished building: ../linuxF.cpp
 
Building file: ../login.cpp
Invoking: Cross G++ Compiler
g++ -O0 -g3 -Wall -c -fmessage-length=0 -MMD -MP -MF"login.d" -MT"login.o" -o "login.o" "../login.cpp"
Finished building: ../login.cpp
 
Building file: ../main.cpp
Invoking: Cross G++ Compiler
g++ -O0 -g3 -Wall -c -fmessage-length=0 -MMD -MP -MF"main.d" -MT"main.o" -o "main.o" "../main.cpp"
Finished building: ../main.cpp
 
Building target: SMS
Invoking: Cross G++ Linker
g++  -o "SMS"  ./linuxF.o ./login.o ./main.o   
Finished building target: SMS
 
18:43:17 **** Incremental Build of configuration Debug for project SMS ****
make all 
Building file: ../login.cpp
Invoking: Cross G++ Compiler
g++ -O0 -g3 -Wall -c -fmessage-length=0 -MMD -MP -MF"login.d" -MT"login.o" -o "login.o" "../login.cpp"
Finished building: ../login.cpp
 
Building target: SMS
Invoking: Cross G++ Linker
g++  -o "SMS"  ./linuxF.o ./login.o ./main.o   
Finished building target: SMS
 
18:47:15 **** Incremental Build of configuration Debug for project SMS ****
make all 
Building file: ../main.cpp
Invoking: Cross G++ Compiler
g++ -O0 -g3 -Wall -c -fmessage-length=0 -MMD -MP -MF"main.d" -MT"main.o" -o "main.o" "../main.cpp"
Finished building: ../main.cpp
 
Building target: SMS
Invoking: Cross G++ Linker
g++  -o "SMS"  ./linuxF.o ./login.o ./main.o   
Finished building target: SMS
 
18:49:06 **** Incremental Build of configuration Debug for project SMS ****
make all 
Building file: ../main.cpp
Invoking: Cross G++ Compiler
g++ -O0 -g3 -Wall -c -fmessage-length=0 -MMD -MP -MF"main.d" -MT"main.o" -o "main.o" "../main.cpp"
Finished building: ../main.cpp
 
Building target: SMS
Invoking: Cross G++ Linker
g++  -o "SMS"  ./linuxF.o ./login.o ./main.o   
Finished building target: SMS
 
22:14:19 **** Incremental Build of configuration Debug for project SMS ****
make all 
Building file: ../linuxF.cpp
Invoking: Cross G++ Compiler
g++ -O0 -g3 -Wall -c -fmessage-length=0 -MMD -MP -MF"linuxF.d" -MT"linuxF.o" -o "linuxF.o" "../linuxF.cpp"
In file included from ../linuxF.cpp:7:0:
../linuxF.h:12:10: fatal error: ncurse.h: No such file or directory
subdir.mk:24: recipe for target 'linuxF.o' failed
 #include <ncurse.h>
          ^~~~~~~~~~
compilation terminated.
make: *** [linuxF.o] Error 1
"make all" terminated with exit code 2. Build might be incomplete.
22:22:48 **** Incremental Build of configuration Debug for project SMS ****
make all 
Building file: ../linuxF.cpp
Invoking: Cross G++ Compiler
g++ -O0 -g3 -Wall -c -fmessage-length=0 -MMD -MP -MF"linuxF.d" -MT"linuxF.o" -o "linuxF.o" "../linuxF.cpp"
Finished building: ../linuxF.cpp
 
Building file: ../login.cpp
Invoking: Cross G++ Compiler
g++ -O0 -g3 -Wall -c -fmessage-length=0 -MMD -MP -MF"login.d" -MT"login.o" -o "login.o" "../login.cpp"
Finished building: ../login.cpp
 
Building file: ../main.cpp
Invoking: Cross G++ Compiler
g++ -O0 -g3 -Wall -c -fmessage-length=0 -MMD -MP -MF"main.d" -MT"main.o" -o "main.o" "../main.cpp"
../main.cpp: In function ‘int main()’:
../main.cpp:16:8: error: ‘sleep’ was not declared in this scope
   else sleep(1);
        ^~~~~
../main.cpp:16:8: note: suggested alternative: ‘beep’
   else sleep(1);
        ^~~~~
        beep
subdir.mk:24: recipe for target 'main.o' failed
make: *** [main.o] Error 1
"make all" terminated with exit code 2. Build might be incomplete.
22:23:10 **** Incremental Build of configuration Debug for project SMS ****
make all 
Building file: ../main.cpp
Invoking: Cross G++ Compiler
g++ -O0 -g3 -Wall -c -fmessage-length=0 -MMD -MP -MF"main.d" -MT"main.o" -o "main.o" "../main.cpp"
../main.cpp: In function ‘int main()’:
../main.cpp:13:9: warning: unused variable ‘LinuxF’ [-Wunused-variable]
  linuxF LinuxF;
         ^~~~~~
Finished building: ../main.cpp
 
Building target: SMS
Invoking: Cross G++ Linker
g++  -o "SMS"  ./linuxF.o ./login.o ./main.o   
./linuxF.o: In function `linuxF::inputkey()':
/home/huy/Documents/HK2 2018-2019/cs162/project/SMS/Debug/../linuxF.cpp:18: undefined reference to `stdscr'
makefile:44: recipe for target 'SMS' failed
/home/huy/Documents/HK2 2018-2019/cs162/project/SMS/Debug/../linuxF.cpp:18: undefined reference to `wgetch'
collect2: error: ld returned 1 exit status
make: *** [SMS] Error 1
"make all" terminated with exit code 2. Build might be incomplete.
22:25:35 **** Incremental Build of configuration Debug for project SMS ****
make all 
Building file: ../linuxF.cpp
Invoking: Cross G++ Compiler
g++ -O0 -g3 -Wall -c -fmessage-length=0 -MMD -MP -MF"linuxF.d" -MT"linuxF.o" -o "linuxF.o" "../linuxF.cpp"
Finished building: ../linuxF.cpp
 
Building target: SMS
Invoking: Cross G++ Linker
g++  -o "SMS"  ./linuxF.o ./login.o ./main.o   
./linuxF.o: In function `linuxF::inputkey()':
/home/huy/Documents/HK2 2018-2019/cs162/project/SMS/Debug/../linuxF.cpp:18: undefined reference to `stdscr'
makefile:44: recipe for target 'SMS' failed
/home/huy/Documents/HK2 2018-2019/cs162/project/SMS/Debug/../linuxF.cpp:18: undefined reference to `wgetch'
collect2: error: ld returned 1 exit status
make: *** [SMS] Error 1
"make all" terminated with exit code 2. Build might be incomplete.
22:27:29 **** Incremental Build of configuration Debug for project SMS ****
make all 
Building file: ../linuxF.cpp
Invoking: Cross G++ Compiler
g++ -O0 -g3 -Wall -c -fmessage-length=0 -MMD -MP -MF"linuxF.d" -MT"linuxF.o" -o "linuxF.o" "../linuxF.cpp"
Finished building: ../linuxF.cpp
 
Building file: ../login.cpp
Invoking: Cross G++ Compiler
g++ -O0 -g3 -Wall -c -fmessage-length=0 -MMD -MP -MF"login.d" -MT"login.o" -o "login.o" "../login.cpp"
Finished building: ../login.cpp
 
Building file: ../main.cpp
Invoking: Cross G++ Compiler
g++ -O0 -g3 -Wall -c -fmessage-length=0 -MMD -MP -MF"main.d" -MT"main.o" -o "main.o" "../main.cpp"
../main.cpp: In function ‘int main()’:
../main.cpp:13:9: warning: unused variable ‘LinuxF’ [-Wunused-variable]
  linuxF LinuxF;
         ^~~~~~
Finished building: ../main.cpp
 
Building target: SMS
Invoking: Cross G++ Linker
g++  -o "SMS"  ./linuxF.o ./login.o ./main.o   
./linuxF.o: In function `linuxF::inputkey()':
/home/huy/Documents/HK2 2018-2019/cs162/project/SMS/Debug/../linuxF.cpp:18: undefined reference to `stdscr'
makefile:44: recipe for target 'SMS' failed
/home/huy/Documents/HK2 2018-2019/cs162/project/SMS/Debug/../linuxF.cpp:18: undefined reference to `wgetch'
collect2: error: ld returned 1 exit status
make: *** [SMS] Error 1
"make all" terminated with exit code 2. Build might be incomplete.
22:43:54 **** Incremental Build of configuration Debug for project SMS ****
make all 
Building file: ../linuxF.cpp
Invoking: Cross G++ Compiler
g++ -O0 -g3 -Wall -c -fmessage-length=0 -MMD -MP -MF"linuxF.d" -MT"linuxF.o" -o "linuxF.o" "../linuxF.cpp"
Finished building: ../linuxF.cpp
 
Building file: ../login.cpp
Invoking: Cross G++ Compiler
g++ -O0 -g3 -Wall -c -fmessage-length=0 -MMD -MP -MF"login.d" -MT"login.o" -o "login.o" "../login.cpp"
Finished building: ../login.cpp
 
Building file: ../main.cpp
Invoking: Cross G++ Compiler
g++ -O0 -g3 -Wall -c -fmessage-length=0 -MMD -MP -MF"main.d" -MT"main.o" -o "main.o" "../main.cpp"
Finished building: ../main.cpp
 
Building target: SMS
Invoking: Cross G++ Linker
g++  -o "SMS"  ./linuxF.o ./login.o ./main.o   
./linuxF.o: In function `linuxF::inputkey()':
/home/huy/Documents/HK2 2018-2019/cs162/project/SMS/Debug/../linuxF.cpp:18: undefined reference to `stdscr'
makefile:44: recipe for target 'SMS' failed
/home/huy/Documents/HK2 2018-2019/cs162/project/SMS/Debug/../linuxF.cpp:18: undefined reference to `wgetch'
collect2: error: ld returned 1 exit status
make: *** [SMS] Error 1
"make all" terminated with exit code 2. Build might be incomplete.
22:44:20 **** Incremental Build of configuration Debug for project SMS ****
make all 
Building file: ../login.cpp
Invoking: Cross G++ Compiler
g++ -O0 -g3 -Wall -c -fmessage-length=0 -MMD -MP -MF"login.d" -MT"login.o" -o "login.o" "../login.cpp"
Finished building: ../login.cpp
 
Building target: SMS
Invoking: Cross G++ Linker
g++  -o "SMS"  ./linuxF.o ./login.o ./main.o   
./linuxF.o: In function `linuxF::inputkey()':
/home/huy/Documents/HK2 2018-2019/cs162/project/SMS/Debug/../linuxF.cpp:18: undefined reference to `stdscr'
makefile:44: recipe for target 'SMS' failed
/home/huy/Documents/HK2 2018-2019/cs162/project/SMS/Debug/../linuxF.cpp:18: undefined reference to `wgetch'
collect2: error: ld returned 1 exit status
make: *** [SMS] Error 1
"make all" terminated with exit code 2. Build might be incomplete.
22:46:17 **** Incremental Build of configuration Debug for project SMS ****
make all 
Building file: ../login.cpp
Invoking: Cross G++ Compiler
g++ -O0 -g3 -Wall -c -fmessage-length=0 -MMD -MP -MF"login.d" -MT"login.o" -o "login.o" "../login.cpp"
Finished building: ../login.cpp
 
Building target: SMS
Invoking: Cross G++ Linker
g++  -o "SMS"  ./linuxF.o ./login.o ./main.o   
./linuxF.o: In function `linuxF::inputkey()':
/home/huy/Documents/HK2 2018-2019/cs162/project/SMS/Debug/../linuxF.cpp:18: undefined reference to `stdscr'
makefile:44: recipe for target 'SMS' failed
/home/huy/Documents/HK2 2018-2019/cs162/project/SMS/Debug/../linuxF.cpp:18: undefined reference to `wgetch'
collect2: error: ld returned 1 exit status
make: *** [SMS] Error 1
"make all" terminated with exit code 2. Build might be incomplete.
22:48:45 **** Incremental Build of configuration Debug for project SMS ****
make all 
Building file: ../main.cpp
Invoking: Cross G++ Compiler
g++ -O0 -g3 -Wall -c -fmessage-length=0 -MMD -MP -MF"main.d" -MT"main.o" -o "main.o" "../main.cpp"
Finished building: ../main.cpp
 
Building target: SMS
Invoking: Cross G++ Linker
g++  -o "SMS"  ./linuxF.o ./login.o ./main.o   
./linuxF.o: In function `linuxF::inputkey()':
/home/huy/Documents/HK2 2018-2019/cs162/project/SMS/Debug/../linuxF.cpp:18: undefined reference to `stdscr'
makefile:44: recipe for target 'SMS' failed
/home/huy/Documents/HK2 2018-2019/cs162/project/SMS/Debug/../linuxF.cpp:18: undefined reference to `wgetch'
collect2: error: ld returned 1 exit status
make: *** [SMS] Error 1
"make all" terminated with exit code 2. Build might be incomplete.
22:57:21 **** Incremental Build of configuration Debug for project SMS ****
make all 
Building target: SMS
Invoking: Cross G++ Linker
g++  -o "SMS"  ./linuxF.o ./login.o ./main.o   -lncurses
Finished building target: SMS
 
22:57:31 **** Incremental Build of configuration Debug for project SMS ****
make all 
make: Nothing to be done for 'all'.
22:57:51 **** Incremental Build of configuration Debug for project SMS ****
make all 
make: Nothing to be done for 'all'.
22:58:41 **** Incremental Build of configuration Debug for project SMS ****
make all 
Building file: ../main.cpp
Invoking: Cross G++ Compiler
g++ -O0 -g3 -Wall -c -fmessage-length=0 -MMD -MP -MF"main.d" -MT"main.o" -o "main.o" "../main.cpp"
Finished building: ../main.cpp
 
Building target: SMS
Invoking: Cross G++ Linker
g++  -o "SMS"  ./linuxF.o ./login.o ./main.o   -lncurses
Finished building target: SMS
 
22:58:52 **** Incremental Build of configuration Debug for project SMS ****
make all 
make: Nothing to be done for 'all'.
22:59:53 **** Incremental Build of configuration Debug for project SMS ****
make all 
Building file: ../main.cpp
Invoking: Cross G++ Compiler
g++ -O0 -g3 -Wall -c -fmessage-length=0 -MMD -MP -MF"main.d" -MT"main.o" -o "main.o" "../main.cpp"
../main.cpp: In function ‘int main()’:
../main.cpp:18:14: error: ‘struct linuxF’ has no member named ‘iputkey’; did you mean ‘inputkey’?
   if (LinuxF.iputkey()=='s') cout<<"found s\n";
              ^~~~~~~
              inputkey
subdir.mk:24: recipe for target 'main.o' failed
make: *** [main.o] Error 1
"make all" terminated with exit code 2. Build might be incomplete.
23:00:09 **** Incremental Build of configuration Debug for project SMS ****
make all 
Building file: ../main.cpp
Invoking: Cross G++ Compiler
g++ -O0 -g3 -Wall -c -fmessage-length=0 -MMD -MP -MF"main.d" -MT"main.o" -o "main.o" "../main.cpp"
Finished building: ../main.cpp
 
Building target: SMS
Invoking: Cross G++ Linker
g++  -o "SMS"  ./linuxF.o ./login.o ./main.o   -lncurses
Finished building target: SMS
 
23:02:51 **** Incremental Build of configuration Debug for project SMS ****
make all 
Building file: ../main.cpp
Invoking: Cross G++ Compiler
g++ -O0 -g3 -Wall -c -fmessage-length=0 -MMD -MP -MF"main.d" -MT"main.o" -o "main.o" "../main.cpp"
Finished building: ../main.cpp
 
Building target: SMS
Invoking: Cross G++ Linker
g++  -o "SMS"  ./linuxF.o ./login.o ./main.o   -lncurses
Finished building target: SMS
 
23:04:18 **** Incremental Build of configuration Debug for project SMS ****
make all 
Building file: ../login.cpp
Invoking: Cross G++ Compiler
g++ -O0 -g3 -Wall -c -fmessage-length=0 -MMD -MP -MF"login.d" -MT"login.o" -o "login.o" "../login.cpp"
Finished building: ../login.cpp
 
Building target: SMS
Invoking: Cross G++ Linker
g++  -o "SMS"  ./linuxF.o ./login.o ./main.o   -lncurses
Finished building target: SMS
 
23:05:22 **** Incremental Build of configuration Debug for project SMS ****
make all 
Building file: ../login.cpp
Invoking: Cross G++ Compiler
g++ -O0 -g3 -Wall -c -fmessage-length=0 -MMD -MP -MF"login.d" -MT"login.o" -o "login.o" "../login.cpp"
Finished building: ../login.cpp
 
Building target: SMS
Invoking: Cross G++ Linker
g++  -o "SMS"  ./linuxF.o ./login.o ./main.o   -lncurses
Finished building target: SMS
 
23:05:53 **** Incremental Build of configuration Debug for project SMS ****
make all 
Building file: ../login.cpp
Invoking: Cross G++ Compiler
g++ -O0 -g3 -Wall -c -fmessage-length=0 -MMD -MP -MF"login.d" -MT"login.o" -o "login.o" "../login.cpp"
Finished building: ../login.cpp
 
Building target: SMS
Invoking: Cross G++ Linker
g++  -o "SMS"  ./linuxF.o ./login.o ./main.o   -lncurses
Finished building target: SMS
 
23:17:30 **** Incremental Build of configuration Debug for project SMS ****
make all 
Building file: ../linuxF.cpp
Invoking: Cross G++ Compiler
g++ -O0 -g3 -Wall -c -fmessage-length=0 -MMD -MP -MF"linuxF.d" -MT"linuxF.o" -o "linuxF.o" "../linuxF.cpp"
Finished building: ../linuxF.cpp
 
Building file: ../login.cpp
Invoking: Cross G++ Compiler
g++ -O0 -g3 -Wall -c -fmessage-length=0 -MMD -MP -MF"login.d" -MT"login.o" -o "login.o" "../login.cpp"
Finished building: ../login.cpp
 
Building file: ../main.cpp
Invoking: Cross G++ Compiler
g++ -O0 -g3 -Wall -c -fmessage-length=0 -MMD -MP -MF"main.d" -MT"main.o" -o "main.o" "../main.cpp"
../main.cpp: In function ‘int main()’:
../main.cpp:16:7: warning: unused variable ‘key’ [-Wunused-variable]
   int key=LinuxF.inputkey();
       ^~~
Finished building: ../main.cpp
 
Building target: SMS
Invoking: Cross G++ Linker
g++  -o "SMS"  ./linuxF.o ./login.o ./main.o   -lncurses
Finished building target: SMS
 
23:18:04 **** Incremental Build of configuration Debug for project SMS ****
make all 
Building file: ../main.cpp
Invoking: Cross G++ Compiler
g++ -O0 -g3 -Wall -c -fmessage-length=0 -MMD -MP -MF"main.d" -MT"main.o" -o "main.o" "../main.cpp"
../main.cpp: In function ‘int main()’:
../main.cpp:16:7: warning: unused variable ‘key’ [-Wunused-variable]
   int key=LinuxF.inputkey();
       ^~~
../main.cpp:18:13: error: ‘key’ was not declared in this scope
  cout<<char(key);
             ^~~
../main.cpp:18:13: note: suggested alternative: ‘keyok’
  cout<<char(key);
             ^~~
             keyok
make: *** [main.o] Error 1
subdir.mk:24: recipe for target 'main.o' failed
"make all" terminated with exit code 2. Build might be incomplete.
23:18:32 **** Incremental Build of configuration Debug for project SMS ****
make all 
Building file: ../main.cpp
Invoking: Cross G++ Compiler
g++ -O0 -g3 -Wall -c -fmessage-length=0 -MMD -MP -MF"main.d" -MT"main.o" -o "main.o" "../main.cpp"
../main.cpp: In function ‘int main()’:
../main.cpp:16:7: warning: unused variable ‘key’ [-Wunused-variable]
   int key=LinuxF.inputkey();
       ^~~
Finished building: ../main.cpp
 
Building target: SMS
Invoking: Cross G++ Linker
g++  -o "SMS"  ./linuxF.o ./login.o ./main.o   -lncurses
Finished building target: SMS
 
23:19:30 **** Incremental Build of configuration Debug for project SMS ****
make all 
Building file: ../main.cpp
Invoking: Cross G++ Compiler
g++ -O0 -g3 -Wall -c -fmessage-length=0 -MMD -MP -MF"main.d" -MT"main.o" -o "main.o" "../main.cpp"
../main.cpp: In function ‘int main()’:
../main.cpp:17:7: warning: unused variable ‘key’ [-Wunused-variable]
   int key=LinuxF.inputkey();
       ^~~
Finished building: ../main.cpp
 
Building target: SMS
Invoking: Cross G++ Linker
g++  -o "SMS"  ./linuxF.o ./login.o ./main.o   -lncurses
Finished building target: SMS
 
23:20:54 **** Incremental Build of configuration Debug for project SMS ****
make all 
Building file: ../main.cpp
Invoking: Cross G++ Compiler
g++ -O0 -g3 -Wall -c -fmessage-length=0 -MMD -MP -MF"main.d" -MT"main.o" -o "main.o" "../main.cpp"
../main.cpp: In function ‘int main()’:
../main.cpp:17:7: warning: unused variable ‘key’ [-Wunused-variable]
   int key=LinuxF.inputkey();
       ^~~
Finished building: ../main.cpp
 
Building target: SMS
Invoking: Cross G++ Linker
g++  -o "SMS"  ./linuxF.o ./login.o ./main.o   -lncurses
Finished building target: SMS
 
23:21:22 **** Incremental Build of configuration Debug for project SMS ****
make all 
Building file: ../main.cpp
Invoking: Cross G++ Compiler
g++ -O0 -g3 -Wall -c -fmessage-length=0 -MMD -MP -MF"main.d" -MT"main.o" -o "main.o" "../main.cpp"
../main.cpp: In function ‘int main()’:
../main.cpp:17:7: warning: unused variable ‘key’ [-Wunused-variable]
   int key=LinuxF.inputkey();
       ^~~
Finished building: ../main.cpp
 
Building target: SMS
Invoking: Cross G++ Linker
g++  -o "SMS"  ./linuxF.o ./login.o ./main.o   -lncurses
Finished building target: SMS
 
23:22:57 **** Incremental Build of configuration Debug for project SMS ****
make all 
Building file: ../main.cpp
Invoking: Cross G++ Compiler
g++ -O0 -g3 -Wall -c -fmessage-length=0 -MMD -MP -MF"main.d" -MT"main.o" -o "main.o" "../main.cpp"
../main.cpp: In function ‘int main()’:
../main.cpp:17:13: error: expected initializer before ‘.’ token
   int LinuxF.key=LinuxF.inputkey();
             ^
subdir.mk:24: recipe for target 'main.o' failed
make: *** [main.o] Error 1
"make all" terminated with exit code 2. Build might be incomplete.
23:23:21 **** Incremental Build of configuration Debug for project SMS ****
make all 
Building file: ../main.cpp
Invoking: Cross G++ Compiler
g++ -O0 -g3 -Wall -c -fmessage-length=0 -MMD -MP -MF"main.d" -MT"main.o" -o "main.o" "../main.cpp"
Finished building: ../main.cpp
 
Building target: SMS
Invoking: Cross G++ Linker
g++  -o "SMS"  ./linuxF.o ./login.o ./main.o   -lncurses
Finished building target: SMS
 
23:23:24 **** Incremental Build of configuration Debug for project SMS ****
make all 
make: Nothing to be done for 'all'.
23:28:34 **** Incremental Build of configuration Debug for project SMS ****
make all 
Building file: ../main.cpp
Invoking: Cross G++ Compiler
g++ -O0 -g3 -Wall -c -fmessage-length=0 -MMD -MP -MF"main.d" -MT"main.o" -o "main.o" "../main.cpp"
Finished building: ../main.cpp
 
Building target: SMS
Invoking: Cross G++ Linker
g++  -o "SMS"  ./linuxF.o ./login.o ./main.o   -lncurses
Finished building target: SMS
 
23:30:58 **** Incremental Build of configuration Debug for project SMS ****
make all 
Building file: ../main.cpp
Invoking: Cross G++ Compiler
g++ -O0 -g3 -Wall -c -fmessage-length=0 -MMD -MP -MF"main.d" -MT"main.o" -o "main.o" "../main.cpp"
Finished building: ../main.cpp
 
Building target: SMS
Invoking: Cross G++ Linker
g++  -o "SMS"  ./linuxF.o ./login.o ./main.o   -lncurses
Finished building target: SMS
 
07:42:37 **** Incremental Build of configuration Debug for project SMS ****
make all 
Building file: ../main.cpp
Invoking: Cross G++ Compiler
g++ -O0 -g3 -Wall -c -fmessage-length=0 -MMD -MP -MF"main.d" -MT"main.o" -o "main.o" "../main.cpp"
Finished building: ../main.cpp
 
Building target: SMS
Invoking: Cross G++ Linker
g++  -o "SMS"  ./linuxF.o ./login.o ./main.o   -lncurses
Finished building target: SMS
 
07:42:52 **** Incremental Build of configuration Debug for project SMS ****
make all 
Building file: ../main.cpp
Invoking: Cross G++ Compiler
g++ -O0 -g3 -Wall -c -fmessage-length=0 -MMD -MP -MF"main.d" -MT"main.o" -o "main.o" "../main.cpp"
Finished building: ../main.cpp
 
Building target: SMS
Invoking: Cross G++ Linker
g++  -o "SMS"  ./linuxF.o ./login.o ./main.o   -lncurses
Finished building target: SMS
 
07:46:07 **** Incremental Build of configuration Debug for project SMS ****
make all 
Building file: ../main.cpp
Invoking: Cross G++ Compiler
g++ -O0 -g3 -Wall -c -fmessage-length=0 -MMD -MP -MF"main.d" -MT"main.o" -o "main.o" "../main.cpp"
Finished building: ../main.cpp
 
Building target: SMS
Invoking: Cross G++ Linker
g++  -o "SMS"  ./linuxF.o ./login.o ./main.o   -lncurses
Finished building target: SMS
 
07:55:56 **** Incremental Build of configuration Debug for project SMS ****
make all 
Building file: ../main.cpp
Invoking: Cross G++ Compiler
g++ -O0 -g3 -Wall -c -fmessage-length=0 -MMD -MP -MF"main.d" -MT"main.o" -o "main.o" "../main.cpp"
Finished building: ../main.cpp
 
Building target: SMS
Invoking: Cross G++ Linker
g++  -o "SMS"  ./linuxF.o ./login.o ./main.o   -lncurses
Finished building target: SMS
 
08:00:40 **** Incremental Build of configuration Debug for project SMS ****
make all 
Building file: ../linuxF.cpp
Invoking: Cross G++ Compiler
g++ -O0 -g3 -Wall -c -fmessage-length=0 -MMD -MP -MF"linuxF.d" -MT"linuxF.o" -o "linuxF.o" "../linuxF.cpp"
Finished building: ../linuxF.cpp
 
Building file: ../main.cpp
Invoking: Cross G++ Compiler
g++ -O0 -g3 -Wall -c -fmessage-length=0 -MMD -MP -MF"main.d" -MT"main.o" -o "main.o" "../main.cpp"
Finished building: ../main.cpp
 
Building target: SMS
Invoking: Cross G++ Linker
g++  -o "SMS"  ./linuxF.o ./login.o ./main.o   -lncurses
Finished building target: SMS
 
08:03:05 **** Incremental Build of configuration Debug for project SMS ****
make all 
Building file: ../linuxF.cpp
Invoking: Cross G++ Compiler
g++ -O0 -g3 -Wall -c -fmessage-length=0 -MMD -MP -MF"linuxF.d" -MT"linuxF.o" -o "linuxF.o" "../linuxF.cpp"
Finished building: ../linuxF.cpp
 
Building file: ../main.cpp
Invoking: Cross G++ Compiler
g++ -O0 -g3 -Wall -c -fmessage-length=0 -MMD -MP -MF"main.d" -MT"main.o" -o "main.o" "../main.cpp"
Finished building: ../main.cpp
 
Building target: SMS
Invoking: Cross G++ Linker
g++  -o "SMS"  ./linuxF.o ./login.o ./main.o   -lncurses
Finished building target: SMS
 
08:04:15 **** Incremental Build of configuration Debug for project SMS ****
make all 
Building file: ../main.cpp
Invoking: Cross G++ Compiler
g++ -O0 -g3 -Wall -c -fmessage-length=0 -MMD -MP -MF"main.d" -MT"main.o" -o "main.o" "../main.cpp"
Finished building: ../main.cpp
 
Building target: SMS
Invoking: Cross G++ Linker
g++  -o "SMS"  ./linuxF.o ./login.o ./main.o   -lncurses
Finished building target: SMS
 
08:50:00 **** Incremental Build of configuration Debug for project SMS ****
make all 
Building file: ../login.cpp
Invoking: Cross G++ Compiler
g++ -O0 -g3 -Wall -c -fmessage-length=0 -MMD -MP -MF"login.d" -MT"login.o" -o "login.o" "../login.cpp"
Finished building: ../login.cpp
 
Building file: ../main.cpp
Invoking: Cross G++ Compiler
g++ -O0 -g3 -Wall -c -fmessage-length=0 -MMD -MP -MF"main.d" -MT"main.o" -o "main.o" "../main.cpp"
Finished building: ../main.cpp
 
Building target: SMS
Invoking: Cross G++ Linker
g++  -o "SMS"  ./linuxF.o ./login.o ./main.o   -lncurses
Finished building target: SMS
 
